------------------------------------------------------------------------------------------------------------------------

[2020-11-14 17:10:13 #1 store] 
Database 'C:\Users\Ibon\workspace\upv.if.bets\src\main\resources\bets.temp' is opened by 15244@Ginkas

[2020-11-14 17:10:13 #2 type] 
Type domain.Question is not enhanced.

[2020-11-14 17:10:13 #3 type] 
Type domain.Event is not enhanced.

[2020-11-14 17:10:13 #4 type] 
Type domain.User is not enhanced.

[2020-11-14 17:10:13 #5 type] 
Type domain.Kuota is not enhanced.

[2020-11-14 17:10:13 #6 type] 
Type domain.Admins is not enhanced.

[2020-11-14 17:10:13 #7 type] 
Type domain.Bet is not enhanced.

[2020-11-14 17:10:13 #8 type] 
Type domain.Mugimenduak is not enhanced.

------------------------------------------------------------------------------------------------------------------------

[2020-11-14 17:10:29 #1 store] 
Database 'C:\Users\Ibon\workspace\upv.if.bets\src\main\resources\bets.temp' is opened by 6064@Ginkas

[2020-11-14 17:10:30 #2 type] 
Type domain.Question is not enhanced.

[2020-11-14 17:10:30 #3 type] 
Type domain.Event is not enhanced.

[2020-11-14 17:10:30 #4 type] 
Type domain.User is not enhanced.

[2020-11-14 17:10:30 #5 type] 
Type domain.Kuota is not enhanced.

[2020-11-14 17:10:30 #6 type] 
Type domain.Admins is not enhanced.

[2020-11-14 17:10:30 #7 type] 
Type domain.Bet is not enhanced.

[2020-11-14 17:10:30 #8 type] 
Type domain.Mugimenduak is not enhanced.

------------------------------------------------------------------------------------------------------------------------

[2020-11-14 17:23:52 #1 store] 
Database 'C:\Users\Ibon\workspace\upv.if.bets\src\main\resources\bets.temp' is opened by 11080@Ginkas

[2020-11-14 17:23:52 #2 type] 
Type domain.Question is not enhanced.

[2020-11-14 17:23:52 #3 type] 
Type domain.Event is not enhanced.

[2020-11-14 17:23:52 #4 type] 
Type domain.User is not enhanced.

[2020-11-14 17:23:52 #5 type] 
Type domain.Kuota is not enhanced.

[2020-11-14 17:23:52 #6 type] 
Type domain.Admins is not enhanced.

[2020-11-14 17:23:52 #7 type] 
Type domain.Bet is not enhanced.

[2020-11-14 17:23:52 #8 type] 
Type domain.Mugimenduak is not enhanced.

------------------------------------------------------------------------------------------------------------------------

[2020-11-14 17:25:39 #1 store] 
Database 'C:\Users\Ibon\workspace\upv.if.bets\src\main\resources\bets.temp' is opened by 4696@Ginkas

[2020-11-14 17:25:39 #2 type] 
Type domain.Question is not enhanced.

[2020-11-14 17:25:39 #3 type] 
Type domain.Event is not enhanced.

[2020-11-14 17:25:39 #4 type] 
Type domain.User is not enhanced.

[2020-11-14 17:25:39 #5 type] 
Type domain.Kuota is not enhanced.

[2020-11-14 17:25:39 #6 type] 
Type domain.Admins is not enhanced.

[2020-11-14 17:25:39 #7 type] 
Type domain.Bet is not enhanced.

[2020-11-14 17:25:39 #8 type] 
Type domain.Mugimenduak is not enhanced.

------------------------------------------------------------------------------------------------------------------------

[2020-11-14 17:43:27 #1 store] 
Database 'C:\Users\Ibon\workspace\upv.if.bets\src\main\resources\bets.temp' is opened by 11756@Ginkas

[2020-11-14 17:43:27 #2 type] 
Type domain.Question is not enhanced.

[2020-11-14 17:43:27 #3 type] 
Type domain.Event is not enhanced.

[2020-11-14 17:43:27 #4 type] 
Type domain.User is not enhanced.

[2020-11-14 17:43:27 #5 type] 
Type domain.Kuota is not enhanced.

[2020-11-14 17:43:27 #6 type] 
Type domain.Admins is not enhanced.

[2020-11-14 17:43:27 #7 type] 
Type domain.Bet is not enhanced.

[2020-11-14 17:43:27 #8 type] 
Type domain.Mugimenduak is not enhanced.

------------------------------------------------------------------------------------------------------------------------

[2020-11-14 17:43:51 #1 store] 
Database 'C:\Users\Ibon\workspace\upv.if.bets\src\main\resources\bets.temp' has been recovered (tr. 10866-10867)

[2020-11-14 17:43:51 #2 store] 
Database 'C:\Users\Ibon\workspace\upv.if.bets\src\main\resources\bets.temp' is opened by 20252@Ginkas

[2020-11-14 17:43:51 #3 type] 
Type domain.Question is not enhanced.

[2020-11-14 17:43:51 #4 type] 
Type domain.Event is not enhanced.

[2020-11-14 17:43:51 #5 type] 
Type domain.User is not enhanced.

[2020-11-14 17:43:51 #6 type] 
Type domain.Kuota is not enhanced.

[2020-11-14 17:43:51 #7 type] 
Type domain.Admins is not enhanced.

[2020-11-14 17:43:51 #8 type] 
Type domain.Bet is not enhanced.

[2020-11-14 17:43:51 #9 type] 
Type domain.Mugimenduak is not enhanced.

------------------------------------------------------------------------------------------------------------------------

[2020-11-14 18:36:50 #1 store] 
Database 'C:\Users\Ibon\workspace\upv.if.bets\src\main\resources\bets.temp' is opened by 15940@Ginkas

[2020-11-14 18:36:50 #2 type] 
Type domain.Question is not enhanced.

[2020-11-14 18:36:50 #3 type] 
Type domain.Event is not enhanced.

[2020-11-14 18:36:50 #4 type] 
Type domain.User is not enhanced.

[2020-11-14 18:36:50 #5 type] 
Type domain.Kuota is not enhanced.

[2020-11-14 18:36:50 #6 type] 
Type domain.Admins is not enhanced.

[2020-11-14 18:36:50 #7 type] 
Type domain.Bet is not enhanced.

[2020-11-14 18:36:50 #8 type] 
Type domain.Mugimenduak is not enhanced.

------------------------------------------------------------------------------------------------------------------------

[2020-11-14 18:37:51 #1 store] 
Database 'C:\Users\Ibon\workspace\upv.if.bets\src\main\resources\bets.temp' is opened by 22192@Ginkas

[2020-11-14 18:37:51 #2 type] 
Type domain.Question is not enhanced.

[2020-11-14 18:37:51 #3 type] 
Type domain.Event is not enhanced.

[2020-11-14 18:37:51 #4 type] 
Type domain.User is not enhanced.

[2020-11-14 18:37:51 #5 type] 
Type domain.Kuota is not enhanced.

[2020-11-14 18:37:51 #6 type] 
Type domain.Admins is not enhanced.

[2020-11-14 18:37:51 #7 type] 
Type domain.Bet is not enhanced.

[2020-11-14 18:37:51 #8 type] 
Type domain.Mugimenduak is not enhanced.

------------------------------------------------------------------------------------------------------------------------

[2020-11-14 19:12:27 #1 store] 
Database 'C:\Users\Ibon\workspace\upv.if.bets\src\main\resources\bets.temp' is opened by 22024@Ginkas

[2020-11-14 19:12:27 #2 type] 
Type domain.Question is not enhanced.

[2020-11-14 19:12:27 #3 type] 
Type domain.Event is not enhanced.

[2020-11-14 19:12:27 #4 type] 
Type domain.User is not enhanced.

[2020-11-14 19:12:27 #5 type] 
Type domain.Kuota is not enhanced.

[2020-11-14 19:12:27 #6 type] 
Type domain.Admins is not enhanced.

[2020-11-14 19:12:27 #7 type] 
Type domain.Bet is not enhanced.

[2020-11-14 19:12:27 #8 type] 
Type domain.Mugimenduak is not enhanced.

------------------------------------------------------------------------------------------------------------------------

[2020-11-14 19:14:28 #1 store] 
Database 'C:\Users\Ibon\workspace\upv.if.bets\src\main\resources\bets.temp' is opened by 1864@Ginkas

[2020-11-14 19:14:28 #2 type] 
Type domain.Question is not enhanced.

[2020-11-14 19:14:28 #3 type] 
Type domain.Event is not enhanced.

[2020-11-14 19:14:28 #4 type] 
Type domain.User is not enhanced.

[2020-11-14 19:14:28 #5 type] 
Type domain.Kuota is not enhanced.

[2020-11-14 19:14:28 #6 type] 
Type domain.Admins is not enhanced.

[2020-11-14 19:14:28 #7 type] 
Type domain.Bet is not enhanced.

[2020-11-14 19:14:28 #8 type] 
Type domain.Mugimenduak is not enhanced.

------------------------------------------------------------------------------------------------------------------------

[2020-11-14 19:15:57 #1 store] 
Database 'C:\Users\Ibon\workspace\upv.if.bets\src\main\resources\bets.temp' is opened by 1092@Ginkas

[2020-11-14 19:15:57 #2 type] 
Type domain.Question is not enhanced.

[2020-11-14 19:15:57 #3 type] 
Type domain.Event is not enhanced.

[2020-11-14 19:15:57 #4 type] 
Type domain.User is not enhanced.

[2020-11-14 19:15:57 #5 type] 
Type domain.Kuota is not enhanced.

[2020-11-14 19:15:57 #6 type] 
Type domain.Admins is not enhanced.

[2020-11-14 19:15:57 #7 type] 
Type domain.Bet is not enhanced.

[2020-11-14 19:15:57 #8 type] 
Type domain.Mugimenduak is not enhanced.

------------------------------------------------------------------------------------------------------------------------

[2020-11-14 19:28:03 #1 store] 
Database 'C:\Users\Ibon\workspace\upv.if.bets\src\main\resources\bets.temp' is opened by 3080@Ginkas

[2020-11-14 19:28:03 #2 type] 
Type domain.Question is not enhanced.

[2020-11-14 19:28:03 #3 type] 
Type domain.Event is not enhanced.

[2020-11-14 19:28:03 #4 type] 
Type domain.User is not enhanced.

[2020-11-14 19:28:03 #5 type] 
Type domain.Kuota is not enhanced.

[2020-11-14 19:28:03 #6 type] 
Type domain.Admins is not enhanced.

[2020-11-14 19:28:03 #7 type] 
Type domain.Bet is not enhanced.

[2020-11-14 19:28:03 #8 type] 
Type domain.Mugimenduak is not enhanced.

------------------------------------------------------------------------------------------------------------------------

[2020-11-14 19:33:15 #1 store] 
Database 'C:\Users\Ibon\workspace\upv.if.bets\src\main\resources\bets.temp' is opened by 23192@Ginkas

[2020-11-14 19:33:15 #2 type] 
Type domain.Question is not enhanced.

[2020-11-14 19:33:15 #3 type] 
Type domain.Event is not enhanced.

[2020-11-14 19:33:15 #4 type] 
Type domain.User is not enhanced.

[2020-11-14 19:33:15 #5 type] 
Type domain.Kuota is not enhanced.

[2020-11-14 19:33:15 #6 type] 
Type domain.Admins is not enhanced.

[2020-11-14 19:33:15 #7 type] 
Type domain.Bet is not enhanced.

[2020-11-14 19:33:15 #8 type] 
Type domain.Mugimenduak is not enhanced.

------------------------------------------------------------------------------------------------------------------------

[2020-11-14 19:35:47 #1 store] 
Database 'C:\Users\Ibon\workspace\upv.if.bets\src\main\resources\bets.temp' is opened by 1772@Ginkas

[2020-11-14 19:35:47 #2 type] 
Type domain.Question is not enhanced.

[2020-11-14 19:35:47 #3 type] 
Type domain.Event is not enhanced.

[2020-11-14 19:35:47 #4 type] 
Type domain.User is not enhanced.

[2020-11-14 19:35:47 #5 type] 
Type domain.Kuota is not enhanced.

[2020-11-14 19:35:47 #6 type] 
Type domain.Admins is not enhanced.

[2020-11-14 19:35:47 #7 type] 
Type domain.Bet is not enhanced.

[2020-11-14 19:35:47 #8 type] 
Type domain.Mugimenduak is not enhanced.

------------------------------------------------------------------------------------------------------------------------

[2020-11-14 19:45:07 #1 store] 
Database 'C:\Users\Ibon\workspace\upv.if.bets\src\main\resources\bets.temp' has been recovered (tr. 10871-10871)

[2020-11-14 19:45:07 #2 store] 
Database 'C:\Users\Ibon\workspace\upv.if.bets\src\main\resources\bets.temp' is opened by 19220@Ginkas

[2020-11-14 19:45:07 #3 type] 
Type domain.Question is not enhanced.

[2020-11-14 19:45:07 #4 type] 
Type domain.Event is not enhanced.

[2020-11-14 19:45:07 #5 type] 
Type domain.User is not enhanced.

[2020-11-14 19:45:07 #6 type] 
Type domain.Kuota is not enhanced.

[2020-11-14 19:45:07 #7 type] 
Type domain.Admins is not enhanced.

[2020-11-14 19:45:07 #8 type] 
Type domain.Bet is not enhanced.

[2020-11-14 19:45:07 #9 type] 
Type domain.Mugimenduak is not enhanced.

------------------------------------------------------------------------------------------------------------------------

[2020-11-14 19:58:01 #1 store] 
Database 'C:\Users\Ibon\workspace\upv.if.bets\src\main\resources\bets.temp' is opened by 4748@Ginkas

[2020-11-14 19:58:01 #2 type] 
Type domain.Question is not enhanced.

[2020-11-14 19:58:01 #3 type] 
Type domain.Event is not enhanced.

[2020-11-14 19:58:01 #4 type] 
Type domain.User is not enhanced.

[2020-11-14 19:58:01 #5 type] 
Type domain.Kuota is not enhanced.

[2020-11-14 19:58:01 #6 type] 
Type domain.Admins is not enhanced.

[2020-11-14 19:58:01 #7 type] 
Type domain.Bet is not enhanced.

[2020-11-14 19:58:01 #8 type] 
Type domain.Mugimenduak is not enhanced.

------------------------------------------------------------------------------------------------------------------------

[2020-11-14 20:00:45 #1 store] 
Database 'C:\Users\Ibon\workspace\upv.if.bets\src\main\resources\bets.temp' is opened by 1316@Ginkas

[2020-11-14 20:00:45 #2 type] 
Type domain.Question is not enhanced.

[2020-11-14 20:00:45 #3 type] 
Type domain.Event is not enhanced.

[2020-11-14 20:00:45 #4 type] 
Type domain.User is not enhanced.

[2020-11-14 20:00:45 #5 type] 
Type domain.Kuota is not enhanced.

[2020-11-14 20:00:45 #6 type] 
Type domain.Admins is not enhanced.

[2020-11-14 20:00:45 #7 type] 
Type domain.Bet is not enhanced.

[2020-11-14 20:00:45 #8 type] 
Type domain.Mugimenduak is not enhanced.

