------------------------------------------------------------------------------------------------------------------------

[2020-11-15 14:36:26 #1 store] 
Database 'C:\Users\Ibon\workspace\upv.if.bets\src\main\resources\bets.temp' is opened by 13452@Ginkas

[2020-11-15 14:36:26 #2 type] 
Type domain.Question is not enhanced.

[2020-11-15 14:36:26 #3 type] 
Type domain.Event is not enhanced.

[2020-11-15 14:36:26 #4 type] 
Type domain.User is not enhanced.

[2020-11-15 14:36:26 #5 type] 
Type domain.Kuota is not enhanced.

[2020-11-15 14:36:26 #6 type] 
Type domain.Admins is not enhanced.

[2020-11-15 14:36:26 #7 type] 
Type domain.Bet is not enhanced.

[2020-11-15 14:36:26 #8 type] 
Type domain.Mugimenduak is not enhanced.

------------------------------------------------------------------------------------------------------------------------

[2020-11-15 15:04:51 #1 store] 
Database 'C:\Users\Ibon\workspace\upv.if.bets\src\main\resources\bets.temp' is opened by 9436@Ginkas

[2020-11-15 15:04:51 #2 type] 
Type domain.Question is not enhanced.

[2020-11-15 15:04:51 #3 type] 
Type domain.Event is not enhanced.

[2020-11-15 15:04:51 #4 type] 
Type domain.User is not enhanced.

[2020-11-15 15:04:51 #5 type] 
Type domain.Kuota is not enhanced.

[2020-11-15 15:04:51 #6 type] 
Type domain.Admins is not enhanced.

[2020-11-15 15:04:51 #7 type] 
Type domain.Bet is not enhanced.

[2020-11-15 15:04:51 #8 type] 
Type domain.Mugimenduak is not enhanced.

------------------------------------------------------------------------------------------------------------------------

[2020-11-15 19:44:51 #1 store] 
Database 'C:\Users\Ibon\workspace\upv.if.bets\src\main\resources\bets.temp' is opened by 21652@Ginkas

[2020-11-15 19:44:51 #2 type] 
Type domain.Question is not enhanced.

[2020-11-15 19:44:51 #3 type] 
Type domain.Event is not enhanced.

[2020-11-15 19:44:51 #4 type] 
Type domain.User is not enhanced.

[2020-11-15 19:44:51 #5 type] 
Type domain.Kuota is not enhanced.

[2020-11-15 19:44:51 #6 type] 
Type domain.Admins is not enhanced.

[2020-11-15 19:44:51 #7 type] 
Type domain.Bet is not enhanced.

[2020-11-15 19:44:51 #8 type] 
Type domain.Mugimenduak is not enhanced.

